<?xml version="1.0" encoding="UTF-8"?>
<!-- Generated by org.testng.reporters.JUnitXMLReporter -->
<testsuite hostname="DESKTOP-4BB1CT5" name="ValidateTest" tests="2" failures="1" timestamp="13 Feb 2021 17:31:36 GMT" time="56.761" errors="0">
  <testcase name="ValidateText" time="4.212" classname="Academy.FrameworkPractice.ValidateAssertion">
    <failure type="junit.framework.ComparisonFailure" message="expected:&amp;lt;[Valentine&amp;apos;s Day Gift Shop]&amp;gt; but was:&amp;lt;[Discover Black History Makers]&amp;gt;">
      <![CDATA[junit.framework.ComparisonFailure: expected:<[Valentine's Day Gift Shop]> but was:<[Discover Black History Makers]>
	at junit.framework.Assert.assertEquals(Assert.java:85)
	at junit.framework.Assert.assertEquals(Assert.java:91)
	at Academy.FrameworkPractice.ValidateAssertion.ValidateText(ValidateAssertion.java:29)
	at java.util.concurrent.FutureTask.run(Unknown Source)
	at java.util.concurrent.ThreadPoolExecutor.runWorker(Unknown Source)
	at java.util.concurrent.ThreadPoolExecutor$Worker.run(Unknown Source)
	at java.lang.Thread.run(Unknown Source)
... Removed 16 stack frames]]>
    </failure>
  </testcase> <!-- ValidateText -->
  <testcase name="ValidateTextField" time="0.105" classname="Academy.FrameworkPractice.ValidateAssertion"/>
</testsuite> <!-- ValidateTest -->
