<?xml version="1.0" encoding="UTF-8"?>
<testng-results skipped="0" failed="2" total="3" passed="1">
  <reporter-output>
  </reporter-output>
  <suite name="Suite" duration-ms="126765" started-at="2021-02-12T23:33:27Z" finished-at="2021-02-12T23:35:34Z">
    <groups>
    </groups>
    <test name="Test" duration-ms="126765" started-at="2021-02-12T23:33:27Z" finished-at="2021-02-12T23:35:34Z">
      <class name="Academy.FrameworkPractice.ValidateAssertion">
        <test-method status="FAIL" signature="ValidateText()[pri:0, instance:Academy.FrameworkPractice.ValidateAssertion@47c62251]" name="ValidateText" duration-ms="89" started-at="2021-02-12T15:35:26Z" finished-at="2021-02-12T15:35:26Z">
          <exception class="junit.framework.ComparisonFailure">
            <message>
              <![CDATA[expected:<[Valentine's Day Gift Shop]> but was:<[Shop Black-owned businesses]>]]>
            </message>
            <full-stacktrace>
              <![CDATA[junit.framework.ComparisonFailure: expected:<[Valentine's Day Gift Shop]> but was:<[Shop Black-owned businesses]>
	at junit.framework.Assert.assertEquals(Assert.java:85)
	at junit.framework.Assert.assertEquals(Assert.java:91)
	at Academy.FrameworkPractice.ValidateAssertion.ValidateText(ValidateAssertion.java:28)
	at sun.reflect.NativeMethodAccessorImpl.invoke0(Native Method)
	at sun.reflect.NativeMethodAccessorImpl.invoke(NativeMethodAccessorImpl.java:62)
	at sun.reflect.DelegatingMethodAccessorImpl.invoke(DelegatingMethodAccessorImpl.java:43)
	at java.lang.reflect.Method.invoke(Method.java:498)
	at org.testng.internal.MethodInvocationHelper.invokeMethod(MethodInvocationHelper.java:80)
	at org.testng.internal.Invoker.invokeMethod(Invoker.java:714)
	at org.testng.internal.Invoker.invokeTestMethod(Invoker.java:901)
	at org.testng.internal.Invoker.invokeTestMethods(Invoker.java:1231)
	at org.testng.internal.TestMethodWorker.invokeTestMethods(TestMethodWorker.java:127)
	at org.testng.internal.TestMethodWorker.run(TestMethodWorker.java:111)
	at org.testng.TestRunner.privateRun(TestRunner.java:767)
	at org.testng.TestRunner.run(TestRunner.java:617)
	at org.testng.SuiteRunner.runTest(SuiteRunner.java:334)
	at org.testng.SuiteRunner.runSequentially(SuiteRunner.java:329)
	at org.testng.SuiteRunner.privateRun(SuiteRunner.java:291)
	at org.testng.SuiteRunner.run(SuiteRunner.java:240)
	at org.testng.SuiteRunnerWorker.runSuite(SuiteRunnerWorker.java:52)
	at org.testng.SuiteRunnerWorker.run(SuiteRunnerWorker.java:86)
	at org.testng.TestNG.runSuitesSequentially(TestNG.java:1198)
	at org.testng.TestNG.runSuitesLocally(TestNG.java:1123)
	at org.testng.TestNG.run(TestNG.java:1031)
	at org.apache.maven.surefire.testng.TestNGExecutor.run(TestNGExecutor.java:284)
	at org.apache.maven.surefire.testng.TestNGXmlTestSuite.execute(TestNGXmlTestSuite.java:75)
	at org.apache.maven.surefire.testng.TestNGProvider.invoke(TestNGProvider.java:119)
	at org.apache.maven.surefire.booter.ForkedBooter.runSuitesInProcess(ForkedBooter.java:428)
	at org.apache.maven.surefire.booter.ForkedBooter.execute(ForkedBooter.java:162)
	at org.apache.maven.surefire.booter.ForkedBooter.run(ForkedBooter.java:562)
	at org.apache.maven.surefire.booter.ForkedBooter.main(ForkedBooter.java:548)
]]>
            </full-stacktrace>
          </exception> <!-- junit.framework.ComparisonFailure -->
          <reporter-output>
          </reporter-output>
        </test-method> <!-- ValidateText -->
        <test-method status="PASS" signature="ValidateTextField()[pri:0, instance:Academy.FrameworkPractice.ValidateAssertion@47c62251]" name="ValidateTextField" duration-ms="50" started-at="2021-02-12T15:35:26Z" finished-at="2021-02-12T15:35:26Z">
          <reporter-output>
          </reporter-output>
        </test-method> <!-- ValidateTextField -->
      </class> <!-- Academy.FrameworkPractice.ValidateAssertion -->
      <class name="Academy.FrameworkPractice.UITestCases">
        <test-method status="PASS" signature="config()[pri:0, instance:Academy.FrameworkPractice.UITestCases@39c0f4a]" name="config" is-config="true" duration-ms="23132" started-at="2021-02-12T15:33:27Z" finished-at="2021-02-12T15:33:51Z">
          <reporter-output>
          </reporter-output>
        </test-method> <!-- config -->
        <test-method status="PASS" signature="Config()[pri:0, instance:Academy.FrameworkPractice.ValidateAssertion@47c62251]" name="Config" is-config="true" duration-ms="43072" started-at="2021-02-12T15:33:51Z" finished-at="2021-02-12T15:34:34Z">
          <reporter-output>
          </reporter-output>
        </test-method> <!-- Config -->
        <test-method status="FAIL" signature="PageNavigation(java.lang.String, java.lang.String)[pri:0, instance:Academy.FrameworkPractice.UITestCases@39c0f4a]" name="PageNavigation" duration-ms="51469" started-at="2021-02-12T15:34:34Z" data-provider="getdata" finished-at="2021-02-12T15:35:26Z">
          <params>
            <param index="0">
              <value>
                <![CDATA[nalini@123]]>
              </value>
            </param>
            <param index="1">
              <value>
                <![CDATA[Refund]]>
              </value>
            </param>
          </params>
          <exception class="org.openqa.selenium.NoSuchElementException">
            <message>
              <![CDATA[no such element: Unable to locate element: {"method":"css selector","selector":"input#helpsearch"}
  (Session info: chrome=87.0.4280.88)
  (Driver info: chromedriver=2.37.543627 (63642262d9fb93fb4ab52398be4286d844092a5e),platform=Windows NT 10.0.18362 x86_64) (WARNING: The server did not provide any stacktrace information)
Command duration or timeout: 0 milliseconds
For documentation on this error, please visit: https://selenium.dev/exceptions/#no_such_element
Build info: version: '4.0.0-alpha-7', revision: 'de8579b6d5'
System info: host: 'DESKTOP-4BB1CT5', ip: '192.168.254.17', os.name: 'Windows 10', os.arch: 'amd64', os.version: '10.0', java.version: '1.8.0_191'
Driver info: org.openqa.selenium.chrome.ChromeDriver
Capabilities {acceptInsecureCerts: false, acceptSslCerts: false, applicationCacheEnabled: false, browserConnectionEnabled: false, browserName: chrome, chrome: {chromedriverVersion: 2.37.543627 (63642262d9fb93..., userDataDir: C:\Users\nalini\AppData\Loc...}, cssSelectorsEnabled: true, databaseEnabled: false, handlesAlerts: true, hasTouchScreen: false, javascriptEnabled: true, locationContextEnabled: true, mobileEmulationEnabled: false, nativeEvents: true, networkConnectionEnabled: false, pageLoadStrategy: normal, platform: XP, platformName: XP, rotatable: false, setWindowRect: true, takesHeapSnapshot: true, takesScreenshot: true, unexpectedAlertBehaviour: , unhandledPromptBehavior: , version: 87.0.4280.88, webStorageEnabled: true}
Session ID: 3dac2d6702eac72e7b710f2033806a1a
*** Element info: {Using=css selector, value=input#helpsearch}]]>
            </message>
            <full-stacktrace>
              <![CDATA[org.openqa.selenium.NoSuchElementException: no such element: Unable to locate element: {"method":"css selector","selector":"input#helpsearch"}
  (Session info: chrome=87.0.4280.88)
  (Driver info: chromedriver=2.37.543627 (63642262d9fb93fb4ab52398be4286d844092a5e),platform=Windows NT 10.0.18362 x86_64) (WARNING: The server did not provide any stacktrace information)
Command duration or timeout: 0 milliseconds
For documentation on this error, please visit: https://selenium.dev/exceptions/#no_such_element
Build info: version: '4.0.0-alpha-7', revision: 'de8579b6d5'
System info: host: 'DESKTOP-4BB1CT5', ip: '192.168.254.17', os.name: 'Windows 10', os.arch: 'amd64', os.version: '10.0', java.version: '1.8.0_191'
Driver info: org.openqa.selenium.chrome.ChromeDriver
Capabilities {acceptInsecureCerts: false, acceptSslCerts: false, applicationCacheEnabled: false, browserConnectionEnabled: false, browserName: chrome, chrome: {chromedriverVersion: 2.37.543627 (63642262d9fb93..., userDataDir: C:\Users\nalini\AppData\Loc...}, cssSelectorsEnabled: true, databaseEnabled: false, handlesAlerts: true, hasTouchScreen: false, javascriptEnabled: true, locationContextEnabled: true, mobileEmulationEnabled: false, nativeEvents: true, networkConnectionEnabled: false, pageLoadStrategy: normal, platform: XP, platformName: XP, rotatable: false, setWindowRect: true, takesHeapSnapshot: true, takesScreenshot: true, unexpectedAlertBehaviour: , unhandledPromptBehavior: , version: 87.0.4280.88, webStorageEnabled: true}
Session ID: 3dac2d6702eac72e7b710f2033806a1a
*** Element info: {Using=css selector, value=input#helpsearch}
	at sun.reflect.NativeConstructorAccessorImpl.newInstance0(Native Method)
	at sun.reflect.NativeConstructorAccessorImpl.newInstance(NativeConstructorAccessorImpl.java:62)
	at sun.reflect.DelegatingConstructorAccessorImpl.newInstance(DelegatingConstructorAccessorImpl.java:45)
	at java.lang.reflect.Constructor.newInstance(Constructor.java:423)
	at org.openqa.selenium.remote.ErrorHandler.createThrowable(ErrorHandler.java:217)
	at org.openqa.selenium.remote.ErrorHandler.throwIfResponseFailed(ErrorHandler.java:169)
	at org.openqa.selenium.remote.codec.jwp.JsonHttpResponseCodec.reconstructValue(JsonHttpResponseCodec.java:41)
	at org.openqa.selenium.remote.codec.AbstractHttpResponseCodec.decode(AbstractHttpResponseCodec.java:83)
	at org.openqa.selenium.remote.codec.AbstractHttpResponseCodec.decode(AbstractHttpResponseCodec.java:47)
	at org.openqa.selenium.remote.HttpCommandExecutor.execute(HttpCommandExecutor.java:167)
	at org.openqa.selenium.remote.service.DriverCommandExecutor.execute(DriverCommandExecutor.java:123)
	at org.openqa.selenium.remote.RemoteWebDriver.execute(RemoteWebDriver.java:501)
	at org.openqa.selenium.remote.RemoteWebDriver.findElement(RemoteWebDriver.java:332)
	at org.openqa.selenium.By$ByCssSelector.findElement(By.java:477)
	at org.openqa.selenium.remote.RemoteWebDriver.findElement(RemoteWebDriver.java:312)
	at pageobjects.CustomerServicePage.getSearchBox(CustomerServicePage.java:20)
	at Academy.FrameworkPractice.UITestCases.PageNavigation(UITestCases.java:39)
	at sun.reflect.NativeMethodAccessorImpl.invoke0(Native Method)
	at sun.reflect.NativeMethodAccessorImpl.invoke(NativeMethodAccessorImpl.java:62)
	at sun.reflect.DelegatingMethodAccessorImpl.invoke(DelegatingMethodAccessorImpl.java:43)
	at java.lang.reflect.Method.invoke(Method.java:498)
	at org.testng.internal.MethodInvocationHelper.invokeMethod(MethodInvocationHelper.java:80)
	at org.testng.internal.Invoker.invokeMethod(Invoker.java:714)
	at org.testng.internal.Invoker.invokeTestMethod(Invoker.java:901)
	at org.testng.internal.Invoker.invokeTestMethods(Invoker.java:1231)
	at org.testng.internal.TestMethodWorker.invokeTestMethods(TestMethodWorker.java:127)
	at org.testng.internal.TestMethodWorker.run(TestMethodWorker.java:111)
	at org.testng.TestRunner.privateRun(TestRunner.java:767)
	at org.testng.TestRunner.run(TestRunner.java:617)
	at org.testng.SuiteRunner.runTest(SuiteRunner.java:334)
	at org.testng.SuiteRunner.runSequentially(SuiteRunner.java:329)
	at org.testng.SuiteRunner.privateRun(SuiteRunner.java:291)
	at org.testng.SuiteRunner.run(SuiteRunner.java:240)
	at org.testng.SuiteRunnerWorker.runSuite(SuiteRunnerWorker.java:52)
	at org.testng.SuiteRunnerWorker.run(SuiteRunnerWorker.java:86)
	at org.testng.TestNG.runSuitesSequentially(TestNG.java:1198)
	at org.testng.TestNG.runSuitesLocally(TestNG.java:1123)
	at org.testng.TestNG.run(TestNG.java:1031)
	at org.apache.maven.surefire.testng.TestNGExecutor.run(TestNGExecutor.java:284)
	at org.apache.maven.surefire.testng.TestNGXmlTestSuite.execute(TestNGXmlTestSuite.java:75)
	at org.apache.maven.surefire.testng.TestNGProvider.invoke(TestNGProvider.java:119)
	at org.apache.maven.surefire.booter.ForkedBooter.runSuitesInProcess(ForkedBooter.java:428)
	at org.apache.maven.surefire.booter.ForkedBooter.execute(ForkedBooter.java:162)
	at org.apache.maven.surefire.booter.ForkedBooter.run(ForkedBooter.java:562)
	at org.apache.maven.surefire.booter.ForkedBooter.main(ForkedBooter.java:548)
]]>
            </full-stacktrace>
          </exception> <!-- org.openqa.selenium.NoSuchElementException -->
          <reporter-output>
          </reporter-output>
        </test-method> <!-- PageNavigation -->
        <test-method status="PASS" signature="TearDown()[pri:0, instance:Academy.FrameworkPractice.UITestCases@39c0f4a]" name="TearDown" is-config="true" duration-ms="4149" started-at="2021-02-12T15:35:26Z" finished-at="2021-02-12T15:35:30Z">
          <reporter-output>
          </reporter-output>
        </test-method> <!-- TearDown -->
        <test-method status="PASS" signature="teardown()[pri:0, instance:Academy.FrameworkPractice.ValidateAssertion@47c62251]" name="teardown" is-config="true" duration-ms="4190" started-at="2021-02-12T15:35:30Z" finished-at="2021-02-12T15:35:34Z">
          <reporter-output>
          </reporter-output>
        </test-method> <!-- teardown -->
      </class> <!-- Academy.FrameworkPractice.UITestCases -->
    </test> <!-- Test -->
  </suite> <!-- Suite -->
</testng-results>
